# JRE version: OpenJDK Runtime Environment (21.0.6) (build 21.0.6+-13391695-b895.109)
# Java VM: OpenJDK 64-Bit Server VM (21.0.6+-13391695-b895.109, mixed mode, tiered, compressed oops, compressed class ptrs, g1 gc, windows-amd64)
GC Precious Log:
 CardTable entry size: 512
 Card Set container configuration: InlinePtr #cards 4 size 8 Array Of Cards #cards 16 size 48 Howl #buckets 8 coarsen threshold 3686 Howl Bitmap #cards 512 size 80 coarsen threshold 460 Card regions per heap region 1 cards per card region 4096
 CPUs: 32 total, 32 available
 Memory: 16111M
 Large Page Support: Disabled
 NUMA Support: Disabled
 Compressed Oops: Enabled (Zero based)
 Heap Region Size: 2M
 Heap Min Capacity: 8M
 Heap Initial Capacity: 252M
 Heap Max Capacity: 4028M
 Pre-touch: Disabled
 Parallel Workers: 23
 Concurrent Workers: 6
 Concurrent Refinement Workers: 23
 Periodic GC: Disabled
Heap:
 garbage-first heap   total 47104K, used 24243K [0x0000000704400000, 0x0000000800000000)
  region size 2048K, 1 young (2048K), 1 survivors (2048K)
 Metaspace       used 35761K, committed 35968K, reserved 1114112K
  class space    used 4284K, committed 4352K, reserved 1048576K
GC Heap History (13 events):
Event: 0.287 GC heap before
{Heap before GC invocations=0 (full 0):
 garbage-first heap   total 258048K, used 24576K [0x0000000704400000, 0x0000000800000000)
  region size 2048K, 11 young (22528K), 0 survivors (0K)
 Metaspace       used 13505K, committed 13696K, reserved 1114112K
  class space    used 1194K, committed 1280K, reserved 1048576K
}
Event: 0.289 GC heap after
{Heap after GC invocations=1 (full 0):
 garbage-first heap   total 258048K, used 7613K [0x0000000704400000, 0x0000000800000000)
  region size 2048K, 2 young (4096K), 2 survivors (4096K)
 Metaspace       used 13505K, committed 13696K, reserved 1114112K
  class space    used 1194K, committed 1280K, reserved 1048576K
}
Event: 0.475 GC heap before
{Heap before GC invocations=1 (full 0):
 garbage-first heap   total 258048K, used 34237K [0x0000000704400000, 0x0000000800000000)
  region size 2048K, 16 young (32768K), 2 survivors (4096K)
 Metaspace       used 21281K, committed 21504K, reserved 1114112K
  class space    used 2196K, committed 2304K, reserved 1048576K
}
Event: 0.477 GC heap after
{Heap after GC invocations=2 (full 0):
 garbage-first heap   total 258048K, used 8894K [0x0000000704400000, 0x0000000800000000)
  region size 2048K, 3 young (6144K), 3 survivors (6144K)
 Metaspace       used 21281K, committed 21504K, reserved 1114112K
  class space    used 2196K, committed 2304K, reserved 1048576K
}
Event: 0.623 GC heap before
{Heap before GC invocations=3 (full 0):
 garbage-first heap   total 34816K, used 31422K [0x0000000704400000, 0x0000000800000000)
  region size 2048K, 15 young (30720K), 3 survivors (6144K)
 Metaspace       used 24696K, committed 24960K, reserved 1114112K
  class space    used 2624K, committed 2752K, reserved 1048576K
}
Event: 0.628 GC heap after
{Heap after GC invocations=4 (full 0):
 garbage-first heap   total 47104K, used 15621K [0x0000000704400000, 0x0000000800000000)
  region size 2048K, 6 young (12288K), 6 survivors (12288K)
 Metaspace       used 24696K, committed 24960K, reserved 1114112K
  class space    used 2624K, committed 2752K, reserved 1048576K
}
Event: 0.746 GC heap before
{Heap before GC invocations=4 (full 0):
 garbage-first heap   total 47104K, used 29957K [0x0000000704400000, 0x0000000800000000)
  region size 2048K, 13 young (26624K), 6 survivors (12288K)
 Metaspace       used 26675K, committed 26880K, reserved 1114112K
  class space    used 2858K, committed 2944K, reserved 1048576K
}
Event: 0.751 GC heap after
{Heap after GC invocations=5 (full 0):
 garbage-first heap   total 47104K, used 18948K [0x0000000704400000, 0x0000000800000000)
  region size 2048K, 2 young (4096K), 2 survivors (4096K)
 Metaspace       used 26675K, committed 26880K, reserved 1114112K
  class space    used 2858K, committed 2944K, reserved 1048576K
}
Event: 0.857 GC heap before
{Heap before GC invocations=5 (full 0):
 garbage-first heap   total 47104K, used 33284K [0x0000000704400000, 0x0000000800000000)
  region size 2048K, 9 young (18432K), 2 survivors (4096K)
 Metaspace       used 30668K, committed 30912K, reserved 1114112K
  class space    used 3429K, committed 3520K, reserved 1048576K
}
Event: 0.860 GC heap after
{Heap after GC invocations=6 (full 0):
 garbage-first heap   total 47104K, used 19712K [0x0000000704400000, 0x0000000800000000)
  region size 2048K, 1 young (2048K), 1 survivors (2048K)
 Metaspace       used 30668K, committed 30912K, reserved 1114112K
  class space    used 3429K, committed 3520K, reserved 1048576K
}
Event: 0.954 GC heap before
{Heap before GC invocations=6 (full 0):
 garbage-first heap   total 47104K, used 36096K [0x0000000704400000, 0x0000000800000000)
  region size 2048K, 9 young (18432K), 1 survivors (2048K)
 Metaspace       used 33528K, committed 33792K, reserved 1114112K
  class space    used 4044K, committed 4160K, reserved 1048576K
}
Event: 0.957 GC heap after
{Heap after GC invocations=7 (full 0):
 garbage-first heap   total 47104K, used 23329K [0x0000000704400000, 0x0000000800000000)
  region size 2048K, 2 young (4096K), 2 survivors (4096K)
 Metaspace       used 33528K, committed 33792K, reserved 1114112K
  class space    used 4044K, committed 4160K, reserved 1048576K
}
Event: 1.010 GC heap before
{Heap before GC invocations=7 (full 0):
 garbage-first heap   total 47104K, used 31521K [0x0000000704400000, 0x0000000800000000)
  region size 2048K, 7 young (14336K), 2 survivors (4096K)
 Metaspace       used 35761K, committed 35968K, reserved 1114112K
  class space    used 4284K, committed 4352K, reserved 1048576K
}

